<?xml version="1.0" encoding="UTF-8"?>
<!-- Generated by org.testng.reporters.JUnitReportReporter -->
<testsuite hostname="DESKTOP-21PST8E" failures="0" tests="1" name="Test_Classes.Post_TC1" time="4.590" errors="0" timestamp="2023-06-30T12:25:53 IST" skipped="0">
  <testcase classname="Test_Classes.Post_TC1" name="execute" time="4.590"/>
  <system-out/>
</testsuite> <!-- Test_Classes.Post_TC1 -->
